[PROMPT]



                

You are a world-class Rust & Bitcoin Core engineer, up to speed on Eric Voskuil’s performance breakthroughs (e.g., SwiftSync, accumulator-based UTXO, parallel IBD).

For the Rust file content below, return:

1. Summary (1 sentence): what this file does in block sync/validation flow.
2. Performance relevance: is it related to parsing, disk I/O, validation, UTXO management, or another sync bottleneck? If not, reply "Not related to syncing or performance."
3. Optimizations (if relevant): list concrete Rust improvements (parallel parsing with Rayon, accumulator or skiplist, memory-mapped I/O, batch/caching). Only suggest ideas you're confident apply. If uncertain, say "uncertain—need more code context."
4. If the file is CLI/UI/test/build, only reply "Not related to syncing or performance."

Format:
Summary: …
Performance relevance: …
Optimizations:
- …
- …

File content:
```rust
//! Task to manage peers and their responses

use std::{
    cmp::Ordering,
    collections::{HashMap, HashSet},
    net::SocketAddr,
    sync::Arc,
    time::Duration,
};

use fallible_iterator::{FallibleIterator, IteratorExt};
use futures::{
    StreamExt,
    channel::{
        mpsc::{self, TrySendError, UnboundedReceiver, UnboundedSender},
        oneshot,
    },
    stream,
};
use nonempty::NonEmpty;
use sneed::{DbError, EnvError, RwTxn, RwTxnError, db};
use thiserror::Error;
use tokio::task::{self, JoinHandle};
use tokio_stream::StreamNotifyClose;

use super::mainchain_task::{self, MainchainTaskHandle};
use crate::{
    archive::{self, Archive},
    mempool::{self, MemPool},
    net::{
        self, Net, PeerConnectionError, PeerConnectionInfo,
        PeerConnectionMailboxError, PeerConnectionMessage, PeerInfoRx,
        PeerRequest, PeerResponse, PeerStateId, peer_message,
    },
    state::{self, State},
    types::{
        BmmResult, Body, Header, Tip,
        proto::{self, mainchain},
    },
    util::join_set,
};

#[allow(clippy::duplicated_attributes)]
#[derive(transitive::Transitive, Debug, Error)]
#[transitive(from(db::error::IterInit, DbError))]
#[transitive(from(db::error::IterItem, DbError))]
pub enum Error {
    #[error("archive error")]
    Archive(#[from] archive::Error),
    #[error("CUSF mainchain proto error")]
    CusfMainchain(#[from] proto::Error),
    #[error(transparent)]
    Db(#[from] DbError),
    #[error("Database env error")]
    DbEnv(#[from] EnvError),
    #[error("Database write error")]
    DbWrite(#[from] RwTxnError),
    #[error("Forward mainchain task request failed")]
    ForwardMainchainTaskRequest,
    #[error("mempool error")]
    MemPool(#[from] mempool::Error),
    #[error("Net error")]
    Net(#[from] Box<net::Error>),
    #[error("peer info stream closed")]
    PeerInfoRxClosed,
    #[error("Receive mainchain task response cancelled")]
    ReceiveMainchainTaskResponse,
    #[error("Receive reorg result cancelled (oneshot)")]
    ReceiveReorgResultOneshot(#[source] oneshot::Canceled),
    #[error("Send mainchain task request failed")]
    SendMainchainTaskRequest,
    #[error("Send new tip ready failed")]
    SendNewTipReady(#[source] TrySendError<NewTipReadyMessage>),
    #[error("Send reorg result error (oneshot)")]
    SendReorgResultOneshot,
    #[error("state error")]
    State(#[from] state::Error),
}

impl From<net::Error> for Error {
    fn from(err: net::Error) -> Self {
        Self::Net(Box::new(err))
    }
}

fn connect_tip_(
    rwtxn: &mut RwTxn<'_>,
    archive: &Archive,
    mempool: &MemPool,
    state: &State,
    header: &Header,
    body: &Body,
    two_way_peg_data: &mainchain::TwoWayPegData,
) -> Result<(), Error> {
    let block_hash = header.hash();
    let _fees: bitcoin::Amount = state.validate_block(rwtxn, header, body)?;
    if tracing::enabled!(tracing::Level::DEBUG) {
        let merkle_root = body.compute_merkle_root();
        let height = state.try_get_height(rwtxn)?;
        let () = state.connect_block(rwtxn, header, body)?;
        tracing::debug!(?height, %merkle_root, %block_hash,
                            "connected body")
    } else {
        let () = state.connect_block(rwtxn, header, body)?;
    }
    let () = state.connect_two_way_peg_data(rwtxn, two_way_peg_data)?;
    let accumulator = state.get_accumulator(rwtxn)?;
    let () = archive.put_header(rwtxn, header)?;
    let () = archive.put_body(rwtxn, block_hash, body)?;
    let () = archive.put_accumulator(rwtxn, block_hash, &accumulator)?;
    for transaction in &body.transactions {
        let () = mempool.delete(rwtxn, transaction.txid())?;
    }
    let () = mempool.regenerate_proofs(rwtxn, &accumulator)?;
    Ok(())
}

fn disconnect_tip_(
    rwtxn: &mut RwTxn<'_>,
    archive: &Archive,
    mempool: &MemPool,
    state: &State,
) -> Result<(), Error> {
    let tip_block_hash =
        state.try_get_tip(rwtxn)?.ok_or(state::Error::NoTip)?;
    let tip_header = archive.get_header(rwtxn, tip_block_hash)?;
    let tip_body = archive.get_body(rwtxn, tip_block_hash)?;
    let height = state.try_get_height(rwtxn)?.ok_or(state::Error::NoTip)?;
    let two_way_peg_data = {
        let last_applied_deposit_block = state
            .deposit_blocks
            .rev_iter(rwtxn)
            .map_err(DbError::from)?
            .find_map(|(_, (block_hash, applied_height))| {
                if applied_height < height - 1 {
                    Ok(Some((block_hash, applied_height)))
                } else {
                    Ok(None)
                }
            })
            .map_err(DbError::from)?;
        let last_applied_withdrawal_bundle_event_block = state
            .withdrawal_bundle_event_blocks
            .rev_iter(rwtxn)
            .map_err(DbError::from)?
            .find_map(|(_, (block_hash, applied_height))| {
                if applied_height < height - 1 {
                    Ok(Some((block_hash, applied_height)))
                } else {
                    Ok(None)
                }
            })
            .map_err(DbError::from)?;
        let start_block_hash = match (
            last_applied_deposit_block,
            last_applied_withdrawal_bundle_event_block,
        ) {
            (None, None) => None,
            (Some((block_hash, _)), None) | (None, Some((block_hash, _))) => {
                Some(block_hash)
            }
            (
                Some((deposit_block, deposit_block_applied_height)),
                Some((
                    withdrawal_event_block,
                    withdrawal_event_block_applied_height,
                )),
            ) => {
                match deposit_block_applied_height
                    .cmp(&withdrawal_event_block_applied_height)
                {
                    Ordering::Less => Some(withdrawal_event_block),
                    Ordering::Greater => Some(deposit_block),
                    Ordering::Equal => {
                        if archive.is_main_descendant(
                            rwtxn,
                            withdrawal_event_block,
                            deposit_block,
                        )? {
                            Some(withdrawal_event_block)
                        } else {
                            assert!(archive.is_main_descendant(
                                rwtxn,
                                deposit_block,
                                withdrawal_event_block
                            )?);
                            Some(deposit_block)
                        }
                    }
                }
            }
        };
        let block_infos: Vec<_> = archive
            .main_ancestors(rwtxn, tip_header.prev_main_hash)
            .take_while(|ancestor| {
                Ok(Some(ancestor) != start_block_hash.as_ref())
            })
            .filter_map(|ancestor| {
                let block_info =
                    archive.get_main_block_info(rwtxn, &ancestor)?;
                if block_info.events.is_empty() {
                    Ok(None)
                } else {
                    Ok(Some((ancestor, block_info)))
                }
            })
            .collect()?;
        mainchain::TwoWayPegData {
            block_info: block_infos.into_iter().rev().collect(),
        }
    };
    let () = state.disconnect_two_way_peg_data(rwtxn, &two_way_peg_data)?;
    let () = state.disconnect_tip(rwtxn, &tip_header, &tip_body)?;
    // TODO: revert accumulator only necessary because rustreexo does not
    // support undo yet
    {
        match state.try_get_tip(rwtxn)? {
            Some(new_tip) => {
                let accumulator = archive.get_accumulator(rwtxn, new_tip)?;
                let () = state
                    .utreexo_accumulator
                    .put(rwtxn, &(), &accumulator)
                    .map_err(DbError::from)?;
            }
            None => {
                state
                    .utreexo_accumulator
                    .delete(rwtxn, &())
                    .map_err(DbError::from)?;
            }
        };
    }
    for transaction in tip_body.authorized_transactions().iter().rev() {
        mempool.put(rwtxn, transaction)?;
    }
    let accumulator = state.get_accumulator(rwtxn)?;
    mempool.regenerate_proofs(rwtxn, &accumulator)?;
    Ok(())
}

/// Re-org to the specified tip, if it is better than the current tip.
/// The new tip block and all ancestor blocks must exist in the node's archive.
/// A result of `Ok(true)` indicates a successful re-org.
/// A result of `Ok(false)` indicates that no re-org was attempted.
fn reorg_to_tip(
    env: &sneed::Env,
    archive: &Archive,
    mempool: &MemPool,
    state: &State,
    new_tip: Tip,
) -> Result<bool, Error> {
    let mut rwtxn = env.write_txn().map_err(EnvError::from)?;
    let tip_height = state.try_get_height(&rwtxn)?;
    let tip = state
        .try_get_tip(&rwtxn)?
        .map(|tip_hash| {
            let bmm_verification =
                archive.get_best_main_verification(&rwtxn, tip_hash)?;
            Ok::<_, Error>(Tip {
                block_hash: tip_hash,
                main_block_hash: bmm_verification,
            })
        })
        .transpose()?;
    if let Some(tip) = tip {
        // check that new tip is better than current tip
        if archive.better_tip(&rwtxn, tip, new_tip)? != Some(new_tip) {
            tracing::debug!(
                ?tip,
                ?new_tip,
                "New tip is not better than current tip"
            );
            return Ok(false);
        }
    }
    let common_ancestor = if let Some(tip) = tip {
        archive.last_common_ancestor(
            &rwtxn,
            tip.block_hash,
            new_tip.block_hash,
        )?
    } else {
        None
    };
    // Check that all necessary bodies exist before disconnecting tip
    let blocks_to_apply: NonEmpty<(Header, Body)> = {
        let header = archive.get_header(&rwtxn, new_tip.block_hash)?;
        let body = archive.get_body(&rwtxn, new_tip.block_hash)?;
        let ancestors = if let Some(prev_side_hash) = header.prev_side_hash {
            archive
                .ancestors(&rwtxn, prev_side_hash)
                .take_while(|block_hash| {
                    Ok(common_ancestor.is_none_or(|common_ancestor| {
                        *block_hash != common_ancestor
                    }))
                })
                .map(|block_hash| {
                    let header = archive.get_header(&rwtxn, block_hash)?;
                    let body = archive.get_body(&rwtxn, block_hash)?;
                    Ok((header, body))
                })
                .collect()?
        } else {
            Vec::new()
        };
        NonEmpty {
            head: (header, body),
            tail: ancestors,
        }
    };
    // Disconnect tip until common ancestor is reached
    if let Some(tip_height) = tip_height {
        let common_ancestor_height =
            if let Some(common_ancestor) = common_ancestor {
                Some(archive.get_height(&rwtxn, common_ancestor)?)
            } else {
                None
            };
        tracing::debug!(
            ?tip,
            ?tip_height,
            ?common_ancestor,
            ?common_ancestor_height,
            "Disconnecting tip until common ancestor is reached"
        );
        let disconnects =
            if let Some(common_ancestor_height) = common_ancestor_height {
                tip_height - common_ancestor_height
            } else {
                tip_height + 1
            };
        for _ in 0..disconnects {
            let () = disconnect_tip_(&mut rwtxn, archive, mempool, state)?;
        }
    }
    {
        let tip_hash = state.try_get_tip(&rwtxn)?;
        assert_eq!(tip_hash, common_ancestor);
    }
    let mut two_way_peg_data_batch: Vec<_> = {
        let common_ancestor_header =
            if let Some(common_ancestor) = common_ancestor {
                Some(archive.get_header(&rwtxn, common_ancestor)?)
            } else {
                None
            };
        let common_ancestor_prev_main_hash =
            common_ancestor_header.map(|header| header.prev_main_hash);
        archive
            .main_ancestors(&rwtxn, blocks_to_apply.head.0.prev_main_hash)
            .take_while(|ancestor| {
                Ok(Some(ancestor) != common_ancestor_prev_main_hash.as_ref())
            })
            .map(|ancestor| {
                let block_info =
                    archive.get_main_block_info(&rwtxn, &ancestor)?;
                Ok((ancestor, block_info))
            })
            .collect()?
    };
    // Apply blocks until new tip is reached
    for (header, body) in blocks_to_apply.into_iter().rev() {
        let two_way_peg_data = {
            let mut two_way_peg_data = mainchain::TwoWayPegData::default();
            'fill_2wpd: while let Some((block_hash, block_info)) =
                two_way_peg_data_batch.pop()
            {
                two_way_peg_data.block_info.replace(block_hash, block_info);
                if block_hash == header.prev_main_hash {
                    break 'fill_2wpd;
                }
            }
            two_way_peg_data
        };
        let () = connect_tip_(
            &mut rwtxn,
            archive,
            mempool,
            state,
            &header,
            &body,
            &two_way_peg_data,
        )?;
        let new_tip_hash = state.try_get_tip(&rwtxn)?.unwrap();
        let bmm_verification =
            archive.get_best_main_verification(&rwtxn, new_tip_hash)?;
        let new_tip = Tip {
            block_hash: new_tip_hash,
            main_block_hash: bmm_verification,
        };
        if let Some(tip) = tip
            && archive.better_tip(&rwtxn, tip, new_tip)? != Some(new_tip)
        {
            continue;
        }
        rwtxn.commit().map_err(RwTxnError::from)?;
        tracing::info!("synced to tip: {}", new_tip.block_hash);
        rwtxn = env.write_txn().map_err(EnvError::from)?;
    }
    let tip = state.try_get_tip(&rwtxn)?;
    assert_eq!(tip, Some(new_tip.block_hash));
    rwtxn.commit().map_err(RwTxnError::from)?;
    tracing::info!("synced to tip: {}", new_tip.block_hash);
    Ok(true)
}

#[derive(Clone)]
struct NetTaskContext {
    env: sneed::Env,
    archive: Archive,
    mainchain_task: MainchainTaskHandle,
    mempool: MemPool,
    net: Net,
    state: State,
}

/// Message indicating a tip that is ready to reorg to, with the address of the
/// peer connection that caused the request, if it originated from a peer.
/// If the request originates from this node, then the socket address is
/// None.
/// An optional oneshot sender can be used receive the result of attempting
/// to reorg to the new tip, on the corresponding oneshot receiver.
type NewTipReadyMessage =
    (Tip, Option<SocketAddr>, Option<oneshot::Sender<bool>>);

struct NetTask {
    ctxt: NetTaskContext,
    /// Receive a request to forward to the mainchain task, with the address of
    /// the peer connection that caused the request, and the peer state ID of
    /// the request
    forward_mainchain_task_request_rx:
        UnboundedReceiver<(mainchain_task::Request, SocketAddr, PeerStateId)>,
    /// Push a request to forward to the mainchain task, with the address of
    /// the peer connection that caused the request, and the peer state ID of
    /// the request
    forward_mainchain_task_request_tx:
        UnboundedSender<(mainchain_task::Request, SocketAddr, PeerStateId)>,
    mainchain_task_response_rx: UnboundedReceiver<mainchain_task::Response>,
    /// Receive a tip that is ready to reorg to, with the address of the peer
    /// connection that caused the request, if it originated from a peer.
    /// If the request originates from this node, then the socket address is
    /// None.
    /// An optional oneshot sender can be used receive the result of attempting
    /// to reorg to the new tip, on the corresponding oneshot receiver.
    new_tip_ready_rx: UnboundedReceiver<NewTipReadyMessage>,
    /// Push a tip that is ready to reorg to, with the address of the peer
    /// connection that caused the request, if it originated from a peer.
    /// If the request originates from this node, then the socket address is
    /// None.
    /// An optional oneshot sender can be used receive the result of attempting
    /// to reorg to the new tip, on the corresponding oneshot receiver.
    new_tip_ready_tx: UnboundedSender<NewTipReadyMessage>,
    peer_info_rx: PeerInfoRx,
}

impl NetTask {
    async fn handle_response(
        ctxt: &NetTaskContext,
        // Attempt to switch to a descendant tip once a body has been
        // stored, if all other ancestor bodies are available.
        // Each descendant tip maps to the peers that sent that tip.
        descendant_tips: &mut HashMap<
            crate::types::BlockHash,
            HashMap<Tip, HashSet<SocketAddr>>,
        >,
        new_tip_ready_tx: &UnboundedSender<NewTipReadyMessage>,
        addr: SocketAddr,
        resp: PeerResponse,
        req: PeerRequest,
    ) -> Result<(), Error> {
        tracing::debug!(?req, ?resp, "starting response handler");
        match (req, resp) {
            (
                PeerRequest::GetBlock(
                    req @ peer_message::GetBlockRequest {
                        block_hash,
                        descendant_tip: Some(descendant_tip),
                        ancestor,
                        peer_state_id: Some(peer_state_id),
                    },
                ),
                ref resp @ PeerResponse::Block {
                    ref header,
                    ref body,
                },
            ) => {
                if header.hash() != block_hash {
                    // Invalid response
                    tracing::warn!(%addr, ?req, ?resp,"Invalid response from peer; unexpected block hash");
                    let () = ctxt.net.remove_active_peer(addr);
                    return Ok(());
                }
                {
                    let mut rwtxn =
                        ctxt.env.write_txn().map_err(EnvError::from)?;
                    let () =
                        ctxt.archive.put_body(&mut rwtxn, block_hash, body)?;
                    rwtxn.commit().map_err(RwTxnError::from)?;
                }
                // Notify the peer connection if all requested block bodies are
                // now available
                {
                    let rotxn = ctxt.env.read_txn().map_err(EnvError::from)?;
                    let missing_bodies = ctxt
                        .archive
                        .get_missing_bodies(&rotxn, block_hash, ancestor)?;
                    if let Some(earliest_missing_body) = missing_bodies.first()
                    {
                        descendant_tips
                            .entry(*earliest_missing_body)
                            .or_default()
                            .entry(descendant_tip)
                            .or_default()
                            .insert(addr);
                    } else {
                        let message = PeerConnectionMessage::BodiesAvailable(
                            peer_state_id,
                        );
                        let _: bool =
                            ctxt.net.push_internal_message(message, addr);
                    }
                }
                // Check if any new tips can be applied,
                // and send new tip ready if so
                {
                    let rotxn = ctxt.env.read_txn().map_err(EnvError::from)?;
                    let tip = ctxt
                        .state
                        .try_get_tip(&rotxn)?
                        .map(|tip_hash| {
                            let bmm_verification = ctxt
                                .archive
                                .get_best_main_verification(&rotxn, tip_hash)?;
                            Ok::<_, Error>(Tip {
                                block_hash: tip_hash,
                                main_block_hash: bmm_verification,
                            })
                        })
                        .transpose()?;
                    // Find the BMM verification that is an ancestor of
                    // `main_descendant_tip`
                    let main_block_hash = ctxt
                        .archive
                        .get_bmm_results(&rotxn, block_hash)?
                        .into_iter()
                        .map(Result::<_, Error>::Ok)
                        .transpose_into_fallible()
                        .find_map(|(main_block_hash, bmm_result)| {
                            match bmm_result {
                                BmmResult::Failed => Ok(None),
                                BmmResult::Verified => {
                                    if ctxt.archive.is_main_descendant(
                                        &rotxn,
                                        main_block_hash,
                                        descendant_tip.main_block_hash,
                                    )? {
                                        Ok(Some(main_block_hash))
                                    } else {
                                        Ok(None)
                                    }
                                }
                            }
                        })?
                        .unwrap();
                    let block_tip = Tip {
                        block_hash,
                        main_block_hash,
                    };

                    if header.prev_side_hash == tip.map(|tip| tip.block_hash) {
                        tracing::trace!(
                            ?block_tip,
                            %addr,
                            "sending new tip ready, originating from peer"
                        );

                        let () = new_tip_ready_tx
                            .unbounded_send((block_tip, Some(addr), None))
                            .map_err(Error::SendNewTipReady)?;
                    }
                    let Some(block_descendant_tips) =
                        descendant_tips.remove(&block_hash)
                    else {
                        return Ok(());
                    };
                    for (descendant_tip, sources) in block_descendant_tips {
                        let common_ancestor = if let Some(tip) = tip {
                            ctxt.archive.last_common_ancestor(
                                &rotxn,
                                descendant_tip.block_hash,
                                tip.block_hash,
                            )?
                        } else {
                            None
                        };
                        let missing_bodies = ctxt.archive.get_missing_bodies(
                            &rotxn,
                            descendant_tip.block_hash,
                            common_ancestor,
                        )?;
                        // If a better tip is ready, send a notification
                        'better_tip: {
                            let next_tip = if let Some(earliest_missing_body) =
                                missing_bodies.first()
                            {
                                descendant_tips
                                    .entry(*earliest_missing_body)
                                    .or_default()
                                    .entry(descendant_tip)
                                    .or_default()
                                    .extend(sources.iter().cloned());

                                // Parent of the earlist missing body
                                ctxt.archive
                                    .get_header(&rotxn, *earliest_missing_body)?
                                    .prev_side_hash
                                    .map(|tip_hash| {
                                        let bmm_verification = ctxt
                                            .archive
                                            .get_best_main_verification(
                                                &rotxn, tip_hash,
                                            )?;
                                        Ok::<_, Error>(Tip {
                                            block_hash: tip_hash,
                                            main_block_hash: bmm_verification,
                                        })
                                    })
                                    .transpose()?
                            } else {
                                Some(descendant_tip)
                            };
                            let Some(next_tip) = next_tip else {
                                break 'better_tip;
                            };
                            if let Some(tip) = tip
                                && ctxt
                                    .archive
                                    .better_tip(&rotxn, tip, next_tip)?
                                    != Some(next_tip)
                            {
                                break 'better_tip;
                            } else {
                                tracing::debug!(
                                    new_tip = ?next_tip,
                                    "sending new tip ready to sources"
                                );
                                for addr in sources {
                                    tracing::trace!(%addr, new_tip = ?next_tip, "sending new tip ready");
                                    let () = new_tip_ready_tx
                                        .unbounded_send((
                                            next_tip,
                                            Some(addr),
                                            None,
                                        ))
                                        .map_err(Error::SendNewTipReady)?;
                                }
                            }
                        }
                    }
                }
                Ok(())
            }
            (
                PeerRequest::GetBlock(peer_message::GetBlockRequest {
                    block_hash: req_block_hash,
                    descendant_tip: Some(_),
                    ancestor: _,
                    peer_state_id: Some(_),
                }),
                PeerResponse::NoBlock {
                    block_hash: resp_block_hash,
                },
            ) if req_block_hash == resp_block_hash => Ok(()),
            (
                PeerRequest::GetHeaders(
                    ref req @ peer_message::GetHeadersRequest {
                        ref start,
                        end,
                        height: Some(height),
                        peer_state_id: Some(peer_state_id),
                    },
                ),
                PeerResponse::Headers(headers),
            ) => {
                // check that the end header is as requested
                let Some(end_header) = headers.last() else {
                    tracing::warn!(%addr, ?req, "Invalid response from peer; missing end header");
                    let () = ctxt.net.remove_active_peer(addr);
                    return Ok(());
                };
                let end_header_hash = end_header.hash();
                if end_header_hash != end {
                    tracing::warn!(%addr, ?req, ?end_header,"Invalid response from peer; unexpected end header");
                    let () = ctxt.net.remove_active_peer(addr);
                    return Ok(());
                }
                // Must be at least one header due to previous check
                let start_hash = headers.first().unwrap().prev_side_hash;
                // check that the first header is after a start block
                if let Some(start_hash) = start_hash
                    && !start.contains(&start_hash)
                {
                    tracing::warn!(%addr, ?req, %start_hash, "Invalid response from peer; invalid start hash");
                    let () = ctxt.net.remove_active_peer(addr);
                    return Ok(());
                }
                // check that the end header height is as expected
                {
                    let rotxn = ctxt.env.read_txn().map_err(EnvError::from)?;
                    let start_height = if let Some(start_hash) = start_hash {
                        Some(ctxt.archive.get_height(&rotxn, start_hash)?)
                    } else {
                        None
                    };
                    let end_height = match start_height {
                        Some(start_height) => {
                            start_height + headers.len() as u32
                        }
                        None => headers.len() as u32 - 1,
                    };
                    if end_height != height {
                        tracing::warn!(%addr, ?req, ?start_hash, "Invalid response from peer; invalid end height");
                        let () = ctxt.net.remove_active_peer(addr);
                        return Ok(());
                    }
                }
                // check that headers are sequential based on prev_side_hash
                let mut prev_side_hash = start_hash;
                for header in &headers {
                    if header.prev_side_hash != prev_side_hash {
                        tracing::warn!(%addr, ?req, ?headers,"Invalid response from peer; non-sequential headers");
                        let () = ctxt.net.remove_active_peer(addr);
                        return Ok(());
                    }
                    prev_side_hash = Some(header.hash());
                }
                // Store new headers
                let mut rwtxn = ctxt.env.write_txn().map_err(EnvError::from)?;
                for header in &headers {
                    let block_hash = header.hash();
                    if ctxt
                        .archive
                        .try_get_header(&rwtxn, block_hash)?
                        .is_none()
                    {
                        if let Some(parent) = header.prev_side_hash
                            && ctxt
                                .archive
                                .try_get_header(&rwtxn, parent)?
                                .is_none()
                        {
                            break;
                        } else {
                            ctxt.archive.put_header(&mut rwtxn, header)?;
                        }
                    }
                }
                rwtxn.commit().map_err(RwTxnError::from)?;
                // Notify peer connection that headers are available
                let message = PeerConnectionMessage::Headers(peer_state_id);
                let _: bool = ctxt.net.push_internal_message(message, addr);
                Ok(())
            }
            (
                PeerRequest::GetHeaders(peer_message::GetHeadersRequest {
                    start: _,
                    end,
                    height: _,
                    peer_state_id: _,
                }),
                PeerResponse::NoHeader { block_hash },
            ) if end == block_hash => Ok(()),
            (
                PeerRequest::PushTransaction(
                    peer_message::PushTransactionRequest { transaction: _ },
                ),
                PeerResponse::TransactionAccepted(_),
            ) => Ok(()),
            (
                PeerRequest::PushTransaction(
                    peer_message::PushTransactionRequest { transaction: _ },
                ),
                PeerResponse::TransactionRejected(_),
            ) => Ok(()),
            (
                req @ (PeerRequest::GetBlock { .. }
                | PeerRequest::GetHeaders { .. }
                | PeerRequest::PushTransaction { .. }),
                resp,
            ) => {
                // Invalid response
                tracing::warn!(%addr, ?req, ?resp,"Invalid response from peer");
                let () = ctxt.net.remove_active_peer(addr);
                Ok(())
            }
        }
    }

    async fn run(self) -> Result<(), Error> {
        tracing::debug!("starting net task");
        #[derive(Debug)]
        enum MailboxItem {
            AcceptConnection(
                Result<
                    Option<SocketAddr>,
                    <net::error::AcceptConnection as fatality::Split>::Fatal,
                >,
            ),
            // Forward a mainchain task request, along with the peer that
            // caused the request, and the peer state ID of the request
            ForwardMainchainTaskRequest(
                mainchain_task::Request,
                SocketAddr,
                PeerStateId,
            ),
            MainchainTaskResponse(mainchain_task::Response),
            // Apply new tip from peer or self.
            // An optional oneshot sender can be used receive the result of
            // attempting to reorg to the new tip, on the corresponding oneshot
            // receiver.
            NewTipReady(Tip, Option<SocketAddr>, Option<oneshot::Sender<bool>>),
            PeerInfo(Option<(SocketAddr, Option<PeerConnectionInfo>)>),
            // Signal to reconnect to a peer
            ReconnectPeer(SocketAddr),
        }
        let accept_connections = stream::try_unfold((), |()| {
            let env = self.ctxt.env.clone();
            let net = self.ctxt.net.clone();
            let fut = async move {
                use fatality::Nested as _;
                let maybe_socket_addr =
                    net.accept_incoming(env).await.into_nested()?;

                // / Return:
                // - The value to yield (maybe_socket_addr)
                // - The state for the next iteration (())
                // Wrapped in Result and Option
                Result::<_, _>::Ok(Some((maybe_socket_addr, ())))
            };
            Box::pin(fut)
        })
        .filter_map(async |item| match item {
            Ok(Ok(maybe_socket_addr)) => Some(Ok(maybe_socket_addr)),
            Ok(Err(non_fatal_err)) => {
                // type the error explicitly
                let non_fatal_err:
                    <net::error::AcceptConnection as fatality::Split>::Jfyi =
                    non_fatal_err;
                let non_fatal_err = anyhow::Error::from(non_fatal_err);
                tracing::error!(
                    "Failed to accept connection: {non_fatal_err:#}"
                );
                None
            }
            Err(fatal_err) => Some(Err(fatal_err)),
        })
        .map(MailboxItem::AcceptConnection);
        let forward_request_stream = self
            .forward_mainchain_task_request_rx
            .map(|(request, addr, peer_state_id)| {
                MailboxItem::ForwardMainchainTaskRequest(
                    request,
                    addr,
                    peer_state_id,
                )
            });
        let mainchain_task_response_stream = self
            .mainchain_task_response_rx
            .map(MailboxItem::MainchainTaskResponse);
        let new_tip_ready_stream =
            self.new_tip_ready_rx.map(|(block_hash, addr, resp_tx)| {
                MailboxItem::NewTipReady(block_hash, addr, resp_tx)
            });
        let peer_info_stream = StreamNotifyClose::new(self.peer_info_rx)
            .map(MailboxItem::PeerInfo);
        let (reconnect_peer_spawner, reconnect_peer_rx) = join_set::new();
        let reconnect_peer_stream = reconnect_peer_rx
            .map(|addr| MailboxItem::ReconnectPeer(addr.unwrap()));
        let mut mailbox_stream = stream::select_all([
            accept_connections.boxed(),
            forward_request_stream.boxed(),
            mainchain_task_response_stream.boxed(),
            new_tip_ready_stream.boxed(),
            peer_info_stream.boxed(),
            reconnect_peer_stream.boxed(),
        ]);
        // Attempt to switch to a descendant tip once a body has been
        // stored, if all other ancestor bodies are available.
        // Each descendant tip maps to the peers that sent that tip.
        let mut descendant_tips = HashMap::<
            crate::types::BlockHash,
            HashMap<Tip, HashSet<SocketAddr>>,
        >::new();
        // Map associating mainchain task requests with the peer(s) that
        // caused the request, and the request peer state ID
        let mut mainchain_task_request_sources = HashMap::<
            mainchain_task::Request,
            HashSet<(SocketAddr, PeerStateId)>,
        >::new();
        while let Some(mailbox_item) = mailbox_stream.next().await {
            tracing::trace!(?mailbox_item, "received new mailbox item");
            match mailbox_item {
                MailboxItem::AcceptConnection(res) => match res {
                    // We received a connection new incoming network connection, but no peer
                    // was added
                    Ok(None) => {
                        continue;
                    }
                    Ok(Some(addr)) => {
                        tracing::trace!(%addr, "accepted new incoming connection");
                    }
                    Err(fatal_err) => {
                        // explicitly type error
                        let fatal_err: <net::error::AcceptConnection as fatality::Split>::Fatal =
                            fatal_err;
                        let fatal_err = anyhow::Error::from(fatal_err);
                        tracing::error!(
                            "failed to accept connection: {fatal_err:#}"
                        );
                    }
                },
                MailboxItem::ForwardMainchainTaskRequest(
                    request,
                    peer,
                    peer_state_id,
                ) => {
                    mainchain_task_request_sources
                        .entry(request)
                        .or_default()
                        .insert((peer, peer_state_id));
                    let () = self
                        .ctxt
                        .mainchain_task
                        .request(request)
                        .map_err(|_| Error::SendMainchainTaskRequest)?;
                }
                MailboxItem::MainchainTaskResponse(response) => {
                    let request = (&response).into();
                    match response {
                        mainchain_task::Response::AncestorInfos(
                            block_hash,
                            res,
                        ) => {
                            let Some(sources) =
                                mainchain_task_request_sources.remove(&request)
                            else {
                                continue;
                            };
                            let res = res.map_err(Arc::new);
                            for (addr, peer_state_id) in sources {
                                let message = match res {
                                    Ok(true) => PeerConnectionMessage::MainchainAncestors(
                                        peer_state_id,
                                    ),
                                    Ok(false) => PeerConnectionMessage::MainchainAncestorsError(
                                        anyhow::anyhow!("Requested block was not available: {block_hash}")
                                    ),
                                    Err(ref err) => PeerConnectionMessage::MainchainAncestorsError(
                                        anyhow::Error::from(err.clone())
                                    )
                                };
                                let _: bool = self
                                    .ctxt
                                    .net
                                    .push_internal_message(message, addr);
                            }
                        }
                    }
                }
                MailboxItem::NewTipReady(new_tip, _addr, resp_tx) => {
                    let reorg_applied = task::block_in_place(|| {
                        reorg_to_tip(
                            &self.ctxt.env,
                            &self.ctxt.archive,
                            &self.ctxt.mempool,
                            &self.ctxt.state,
                            new_tip,
                        )
                    })?;
                    if let Some(resp_tx) = resp_tx {
                        let () = resp_tx
                            .send(reorg_applied)
                            .map_err(|_| Error::SendReorgResultOneshot)?;
                    }
                }
                MailboxItem::PeerInfo(None) => {
                    return Err(Error::PeerInfoRxClosed);
                }
                MailboxItem::PeerInfo(Some((addr, None))) => {
                    // peer connection is closed, remove it
                    tracing::warn!(%addr, "Connection to peer closed");
                    let () = self.ctxt.net.remove_active_peer(addr);
                    continue;
                }
                MailboxItem::PeerInfo(Some((addr, Some(peer_info)))) => {
                    tracing::trace!(%addr, ?peer_info, "mailbox item: received PeerInfo");
                    match peer_info {
                        PeerConnectionInfo::Error(
                            PeerConnectionError::Mailbox(
                                PeerConnectionMailboxError::HeartbeatTimeout,
                            ),
                        ) => {
                            const RECONNECT_DELAY: Duration =
                                Duration::from_secs(10);
                            // Attempt to reconnect if a valid message was
                            // received successfully
                            let Some(received_msg_successfully) =
                                self.ctxt.net.try_with_active_peer_connection(
                                    addr,
                                    |conn_handle| {
                                        conn_handle.received_msg_successfully()
                                    },
                                )
                            else {
                                continue;
                            };
                            let () = self.ctxt.net.remove_active_peer(addr);
                            if !received_msg_successfully {
                                continue;
                            }
                            reconnect_peer_spawner.spawn(async move {
                                tokio::time::sleep(RECONNECT_DELAY).await;
                                addr
                            });
                        }
                        PeerConnectionInfo::Error(err) => {
                            let err = anyhow::anyhow!(err);
                            tracing::error!(%addr, err = format!("{err:#}"), "Peer connection error");
                            let () = self.ctxt.net.remove_active_peer(addr);
                        }
                        PeerConnectionInfo::NeedMainchainAncestors {
                            main_hash,
                            peer_state_id,
                        } => {
                            let request =
                                mainchain_task::Request::AncestorInfos(
                                    main_hash,
                                );
                            let () = self
                                .forward_mainchain_task_request_tx
                                .unbounded_send((request, addr, peer_state_id))
                                .map_err(|_| {
                                    Error::ForwardMainchainTaskRequest
                                })?;
                        }
                        PeerConnectionInfo::NewTipReady(new_tip) => {
                            tracing::debug!(
                                ?new_tip,
                                %addr,
                                "mailbox item: received NewTipReady from peer, sending on channel"
                            );
                            self.new_tip_ready_tx
                                .unbounded_send((new_tip, Some(addr), None))
                                .map_err(Error::SendNewTipReady)?;
                        }
                        PeerConnectionInfo::NewTransaction(mut new_tx) => {
                            let mut rwtxn = self
                                .ctxt
                                .env
                                .write_txn()
                                .map_err(EnvError::from)?;
                            let () = self.ctxt.state.regenerate_proof(
                                &rwtxn,
                                &mut new_tx.transaction,
                            )?;
                            self.ctxt.mempool.put(&mut rwtxn, &new_tx)?;
                            rwtxn.commit().map_err(RwTxnError::from)?;
                            // broadcast
                            let () = self
                                .ctxt
                                .net
                                .push_tx(HashSet::from_iter([addr]), new_tx);
                        }
                        PeerConnectionInfo::Response(boxed) => {
                            let (resp, req) = *boxed;
                            tracing::trace!(
                                resp = format!("{resp:#?}"),
                                req = format!("{req:#?}"),
                                "mail box: received PeerConnectionInfo::Response"
                            );
                            let () = Self::handle_response(
                                &self.ctxt,
                                &mut descendant_tips,
                                &self.new_tip_ready_tx,
                                addr,
                                resp,
                                req,
                            )
                            .await?;
                        }
                    }
                }
                MailboxItem::ReconnectPeer(peer_address) => {
                    match self
                        .ctxt
                        .net
                        .connect_peer(self.ctxt.env.clone(), peer_address)
                    {
                        Ok(()) => (),
                        Err(err) => {
                            let err = anyhow::Error::from(err);
                            tracing::error!(
                                %peer_address,
                                "Failed to connect to peer: {err:#}"
                            )
                        }
                    }
                }
            }
        }
        Ok(())
    }
}

/// Handle to the net task.
/// Task is aborted on drop.
#[derive(Clone)]
pub(super) struct NetTaskHandle {
    task: Arc<JoinHandle<()>>,
    /// Push a tip that is ready to reorg to, with the address of the peer
    /// connection that caused the request, if it originated from a peer.
    /// If the request originates from this node, then the socket address is
    /// None.
    /// An optional oneshot sender can be used receive the result of attempting
    /// to reorg to the new tip, on the corresponding oneshot receiver.
    new_tip_ready_tx: UnboundedSender<NewTipReadyMessage>,
}

impl NetTaskHandle {
    #[allow(clippy::too_many_arguments)]
    pub fn new(
        runtime: &tokio::runtime::Runtime,
        env: sneed::Env,
        archive: Archive,
        mainchain_task: MainchainTaskHandle,
        mainchain_task_response_rx: UnboundedReceiver<mainchain_task::Response>,
        mempool: MemPool,
        net: Net,
        peer_info_rx: PeerInfoRx,
        state: State,
    ) -> Self {
        let ctxt = NetTaskContext {
            env,
            archive,
            mainchain_task,
            mempool,
            net,
            state,
        };
        let (
            forward_mainchain_task_request_tx,
            forward_mainchain_task_request_rx,
        ) = mpsc::unbounded();
        let (new_tip_ready_tx, new_tip_ready_rx) = mpsc::unbounded();
        let task = NetTask {
            ctxt,
            forward_mainchain_task_request_tx,
            forward_mainchain_task_request_rx,
            mainchain_task_response_rx,
            new_tip_ready_tx: new_tip_ready_tx.clone(),
            new_tip_ready_rx,
            peer_info_rx,
        };
        let task = runtime.spawn(async {
            if let Err(err) = task.run().await {
                let err = anyhow::Error::from(err);
                tracing::error!("Net task error: {err:#}");
            }
        });
        NetTaskHandle {
            task: Arc::new(task),
            new_tip_ready_tx,
        }
    }

    /// Push a tip that is ready to reorg to, and await successful application.
    /// A result of Ok(true) indicates that the tip was applied and reorged
    /// to successfully.
    /// A result of Ok(false) indicates that the tip was not reorged to.
    pub async fn new_tip_ready_confirm(
        &self,
        new_tip: Tip,
    ) -> Result<bool, Error> {
        tracing::debug!(?new_tip, "sending new tip ready confirm");

        let (oneshot_tx, oneshot_rx) = oneshot::channel();
        let () = self
            .new_tip_ready_tx
            .unbounded_send((new_tip, None, Some(oneshot_tx)))
            .map_err(Error::SendNewTipReady)?;
        oneshot_rx.await.map_err(Error::ReceiveReorgResultOneshot)
    }
}

impl Drop for NetTaskHandle {
    // If only one reference exists (ie. within self), abort the net task.
    fn drop(&mut self) {
        // use `Arc::get_mut` since `Arc::into_inner` requires ownership of the
        // Arc, and cloning would increase the reference count
        if let Some(task) = Arc::get_mut(&mut self.task) {
            tracing::debug!("dropping net task handle, aborting task");
            task.abort()
        }
    }
}

```


                
                

[RESPONSE]

Summary:  
This file manages peer networking and orchestrates block/body/header transmission, tip updates, and chain reorgs during block synchronization and validation, coordinating storage, mempool, UTXO, and mainchain state in response to peer events.

Performance relevance:  
Related to block parsing, validation, disk I/O, and UTXO management during network sync and reorg operations.

Optimizations:
- Use parallel block validation and header/body processing with Rayon or Tokio tasks where applicable (e.g., validating multiple blocks/bodies in bulk, especially in reorg_to_tip and connect_tip_).
- Employ batch writing and larger transaction scopes for LMDB (or sneed::Env) to reduce commit overhead, particularly when processing multiple blocks/headers/bodies.
- Memory-map archive and UTXO/accumulator data for high-throughput reads/writes (if sneed/Archive supports it).
- Consider accumulator-based UTXO (as already suggested by state.get_accumulator/put_accumulator) and batch proof regeneration to reduce redundant work.
- Cache frequent archive/state lookups (e.g., headers, bodies, accumulator) during reorgs and tip updates to avoid repeated storage I/O.
- Consider skiplist or more cache-efficient ancestor tracking when traversing or locating common ancestors for reorgs.
- Uncertain—need more code context: For transaction relay/mempool, parallel proof regeneration or mempool updates may help, but depends on mempool/threading constraints.

[/home/admin/--DEV--/AI/kahuna_tests/thunder-rust-waldi/lib/node/net_task.rs]

Summary:  
This file manages peer networking and orchestrates block/body/header transmission, tip updates, and chain reorgs during block synchronization and validation, coordinating storage, mempool, UTXO, and mainchain state in response to peer events.

Performance relevance:  
Related to block parsing, validation, disk I/O, and UTXO management during network sync and reorg operations.

Optimizations:
- Use parallel block validation and header/body processing with Rayon or Tokio tasks where applicable (e.g., validating multiple blocks/bodies in bulk, especially in reorg_to_tip and connect_tip_).
- Employ batch writing and larger transaction scopes for LMDB (or sneed::Env) to reduce commit overhead, particularly when processing multiple blocks/headers/bodies.
- Memory-map archive and UTXO/accumulator data for high-throughput reads/writes (if sneed/Archive supports it).
- Consider accumulator-based UTXO (as already suggested by state.get_accumulator/put_accumulator) and batch proof regeneration to reduce redundant work.
- Cache frequent archive/state lookups (e.g., headers, bodies, accumulator) during reorgs and tip updates to avoid repeated storage I/O.
- Consider skiplist or more cache-efficient ancestor tracking when traversing or locating common ancestors for reorgs.
- Uncertain—need more code context: For transaction relay/mempool, parallel proof regeneration or mempool updates may help, but depends on mempool/threading constraints.

[PROMPT]



                

You are a world-class Rust & Bitcoin Core engineer, up to speed on Eric Voskuil’s performance breakthroughs (e.g., SwiftSync, accumulator-based UTXO, parallel IBD).

For the Rust file content below, return:

1. Summary (1 sentence): what this file does in block sync/validation flow.
2. Performance relevance: is it related to parsing, disk I/O, validation, UTXO management, or another sync bottleneck? If not, reply "Not related to syncing or performance."
3. Optimizations (if relevant): list concrete Rust improvements (parallel parsing with Rayon, accumulator or skiplist, memory-mapped I/O, batch/caching). Only suggest ideas you're confident apply. If uncertain, say "uncertain—need more code context."
4. If the file is CLI/UI/test/build, only reply "Not related to syncing or performance."

Format:
Summary: …
Performance relevance: …
Optimizations:
- …
- …

File content:
```rust
//! Task to communicate with mainchain node

use std::{
    sync::Arc,
    time::{Duration, Instant},
};

use bitcoin::{self, hashes::Hash as _};
use futures::{
    StreamExt,
    channel::{
        mpsc::{self, UnboundedReceiver, UnboundedSender},
        oneshot,
    },
};
use sneed::{EnvError, RwTxnError};
use thiserror::Error;
use tokio::{
    spawn,
    task::{self, JoinHandle},
};

use crate::{
    archive::{self, Archive},
    types::proto::{self, mainchain},
};

/// Request data from the mainchain node
#[derive(Clone, Copy, Debug, Eq, Hash, PartialEq)]
pub(super) enum Request {
    /// Request missing mainchain ancestor header/infos
    AncestorInfos(bitcoin::BlockHash),
}

/// Error included in a response
#[derive(Debug, Error)]
pub enum ResponseError {
    #[error("Archive error")]
    Archive(#[from] archive::Error),
    #[error("Database env error")]
    DbEnv(#[from] EnvError),
    #[error("Database write error")]
    DbWrite(#[from] sneed::rwtxn::Error),
    #[error("CUSF Mainchain proto error")]
    Mainchain(#[from] proto::Error),
}

/// Response indicating that a request has been fulfilled
#[derive(Debug)]
pub(super) enum Response {
    /// Response bool indicates if the requested header was available
    AncestorInfos(bitcoin::BlockHash, Result<bool, ResponseError>),
}

impl From<&Response> for Request {
    fn from(resp: &Response) -> Self {
        match resp {
            Response::AncestorInfos(block_hash, _) => {
                Request::AncestorInfos(*block_hash)
            }
        }
    }
}

#[derive(Debug, Error)]
enum Error {
    #[error("Send response error")]
    SendResponse(Response),
    #[error("Send response error (oneshot)")]
    SendResponseOneshot(Response),
}

struct MainchainTask<Transport = tonic::transport::Channel> {
    env: sneed::Env,
    archive: Archive,
    mainchain: proto::mainchain::ValidatorClient<Transport>,
    // receive a request, and optional oneshot sender to send the result to
    // instead of sending on `response_tx`
    request_rx: UnboundedReceiver<(Request, Option<oneshot::Sender<Response>>)>,
    response_tx: UnboundedSender<Response>,
}

impl<Transport> MainchainTask<Transport>
where
    Transport: proto::Transport,
{
    /// Request ancestor header info and block info from the mainchain node,
    /// including the specified header.
    /// Returns `false` if the specified block was not available.
    async fn request_ancestor_infos(
        env: &sneed::Env,
        archive: &Archive,
        cusf_mainchain: &mut proto::mainchain::ValidatorClient<Transport>,
        block_hash: bitcoin::BlockHash,
    ) -> Result<bool, ResponseError> {
        if block_hash == bitcoin::BlockHash::all_zeros() {
            return Ok(true);
        } else {
            let rotxn = env.read_txn().map_err(EnvError::from)?;
            if archive
                .try_get_main_header_info(&rotxn, &block_hash)?
                .is_some()
            {
                return Ok(true);
            }
        }
        let mut current_block_hash = block_hash;
        let mut current_height = None;
        let mut block_infos =
            Vec::<(mainchain::BlockHeaderInfo, mainchain::BlockInfo)>::new();
        tracing::debug!(%block_hash, "requesting ancestor headers/info");
        const LOG_PROGRESS_INTERVAL: Duration = Duration::from_secs(5);
        const BATCH_REQUEST_SIZE: u32 = 1000;
        let mut progress_logged = Instant::now();
        loop {
            if let Some(current_height) = current_height {
                let now = Instant::now();
                if now.duration_since(progress_logged) >= LOG_PROGRESS_INTERVAL
                {
                    progress_logged = now;
                    tracing::debug!(
                        %block_hash,
                        "requesting ancestor headers: {current_block_hash}({current_height} remaining)");
                }
                tracing::trace!(%block_hash, "requesting ancestor headers: {current_block_hash}({current_height})")
            }
            let Some(block_infos_resp) = cusf_mainchain
                .get_block_infos(current_block_hash, BATCH_REQUEST_SIZE - 1)
                .await?
            else {
                return Ok(false);
            };
            {
                let (current_header, _) = block_infos_resp.last();
                current_block_hash = current_header.prev_block_hash;
                current_height = current_header.height.checked_sub(1);
            }
            block_infos.extend(block_infos_resp);
            if current_block_hash == bitcoin::BlockHash::all_zeros() {
                break;
            } else {
                let rotxn = env.read_txn().map_err(EnvError::from)?;
                if archive
                    .try_get_main_header_info(&rotxn, &current_block_hash)?
                    .is_some()
                {
                    break;
                }
            }
        }
        block_infos.reverse();
        // Writing all headers during IBD can starve archive readers.
        tracing::trace!(%block_hash, "storing ancestor headers/info");
        task::block_in_place(|| {
            let mut rwtxn = env.write_txn().map_err(EnvError::from)?;
            for (header_info, block_info) in block_infos {
                let () =
                    archive.put_main_header_info(&mut rwtxn, &header_info)?;
                let () = archive.put_main_block_info(
                    &mut rwtxn,
                    header_info.block_hash,
                    &block_info,
                )?;
            }
            rwtxn.commit().map_err(RwTxnError::from)?;
            tracing::trace!(%block_hash, "stored ancestor headers/info");
            Ok(true)
        })
    }

    async fn run(mut self) -> Result<(), Error> {
        while let Some((request, response_tx)) = self.request_rx.next().await {
            match request {
                Request::AncestorInfos(main_block_hash) => {
                    let res = Self::request_ancestor_infos(
                        &self.env,
                        &self.archive,
                        &mut self.mainchain,
                        main_block_hash,
                    )
                    .await;
                    let response =
                        Response::AncestorInfos(main_block_hash, res);
                    if let Some(response_tx) = response_tx {
                        response_tx
                            .send(response)
                            .map_err(Error::SendResponseOneshot)?;
                    } else {
                        self.response_tx.unbounded_send(response).map_err(
                            |err| Error::SendResponse(err.into_inner()),
                        )?;
                    }
                }
            }
        }
        Ok(())
    }
}

/// Handle to the task to communicate with mainchain node.
/// Task is aborted on drop.
#[derive(Clone)]
pub(super) struct MainchainTaskHandle {
    task: Arc<JoinHandle<()>>,
    // send a request, and optional oneshot sender to receive the result on the
    // corresponding oneshot receiver
    request_tx:
        mpsc::UnboundedSender<(Request, Option<oneshot::Sender<Response>>)>,
}

impl MainchainTaskHandle {
    pub fn new<Transport>(
        env: sneed::Env,
        archive: Archive,
        mainchain: mainchain::ValidatorClient<Transport>,
    ) -> (Self, mpsc::UnboundedReceiver<Response>)
    where
        Transport: proto::Transport + Send + 'static,
        <Transport as tonic::client::GrpcService<tonic::body::BoxBody>>::Future:
            Send,
    {
        let (request_tx, request_rx) = mpsc::unbounded();
        let (response_tx, response_rx) = mpsc::unbounded();
        let task = MainchainTask {
            env,
            archive,
            mainchain,
            request_rx,
            response_tx,
        };
        let task = spawn(async move {
            if let Err(err) = task.run().await {
                let err = anyhow::Error::from(err);
                tracing::error!("Mainchain task error: {err:#}");
            }
        });
        let task_handle = MainchainTaskHandle {
            task: Arc::new(task),
            request_tx,
        };
        (task_handle, response_rx)
    }

    /// Send a request
    pub fn request(&self, request: Request) -> Result<(), Request> {
        self.request_tx
            .unbounded_send((request, None))
            .map_err(|err| {
                let (request, _) = err.into_inner();
                request
            })
    }

    /// Send a request, and receive the response on a oneshot receiver instead
    /// of the response stream
    pub fn request_oneshot(
        &self,
        request: Request,
    ) -> Result<oneshot::Receiver<Response>, Request> {
        let (oneshot_tx, oneshot_rx) = oneshot::channel();
        let () = self
            .request_tx
            .unbounded_send((request, Some(oneshot_tx)))
            .map_err(|err| {
                let (request, _) = err.into_inner();
                request
            })?;
        Ok(oneshot_rx)
    }
}

impl Drop for MainchainTaskHandle {
    // If only one reference exists (ie. within self), abort the net task.
    fn drop(&mut self) {
        // use `Arc::get_mut` since `Arc::into_inner` requires ownership of the
        // Arc, and cloning would increase the reference count
        if let Some(task) = Arc::get_mut(&mut self.task) {
            task.abort()
        }
    }
}

```


                
                

[RESPONSE]

Summary:  
This file implements a Tokio async task and handle for requesting and storing ancestor block header/info from a mainchain node, including batch fetching and archiving to local storage, as part of block synchronization.

Performance relevance:  
Yes—related to network parsing, batch database writes (disk I/O), and possibly validation bottlenecks during ancestor header sync.

Optimizations:
- Batch requests are already used, but further increase of BATCH_REQUEST_SIZE could be considered if network and DB permit.
- The call to task::block_in_place for DB writes is synchronous and may block the async thread pool; consider using a dedicated thread pool or offloading DB writes via a work-stealing queue, especially if using a fast DB backend.
- Employ memory-mapped I/O for the archive’s header/info storage if the backend supports it, to speed up large sequential IBD writes/reads.
- Use concurrent readers for the archive with a readers-writer lock or lock-free data structure to avoid starvation of readers during large IBD writes.
- If block_infos processing (parsing/validation) becomes a bottleneck, parallelize batch validation and insertion using Rayon or similar, with care for DB txn consistency.
- Implement a write-ahead log or batching cache to further reduce DB commit overhead per ancestor batch.

If you want more specific guidance, provide the Archive and DB backend details.

[/home/admin/--DEV--/AI/kahuna_tests/thunder-rust-waldi/lib/node/mainchain_task.rs]

Summary:  
This file implements a Tokio async task and handle for requesting and storing ancestor block header/info from a mainchain node, including batch fetching and archiving to local storage, as part of block synchronization.

Performance relevance:  
Yes—related to network parsing, batch database writes (disk I/O), and possibly validation bottlenecks during ancestor header sync.

Optimizations:
- Batch requests are already used, but further increase of BATCH_REQUEST_SIZE could be considered if network and DB permit.
- The call to task::block_in_place for DB writes is synchronous and may block the async thread pool; consider using a dedicated thread pool or offloading DB writes via a work-stealing queue, especially if using a fast DB backend.
- Employ memory-mapped I/O for the archive’s header/info storage if the backend supports it, to speed up large sequential IBD writes/reads.
- Use concurrent readers for the archive with a readers-writer lock or lock-free data structure to avoid starvation of readers during large IBD writes.
- If block_infos processing (parsing/validation) becomes a bottleneck, parallelize batch validation and insertion using Rayon or similar, with care for DB txn consistency.
- Implement a write-ahead log or batching cache to further reduce DB commit overhead per ancestor batch.

If you want more specific guidance, provide the Archive and DB backend details.

[PROMPT]



                

You are a world-class Rust & Bitcoin Core engineer, up to speed on Eric Voskuil’s performance breakthroughs (e.g., SwiftSync, accumulator-based UTXO, parallel IBD).

For the Rust file content below, return:

1. Summary (1 sentence): what this file does in block sync/validation flow.
2. Performance relevance: is it related to parsing, disk I/O, validation, UTXO management, or another sync bottleneck? If not, reply "Not related to syncing or performance."
3. Optimizations (if relevant): list concrete Rust improvements (parallel parsing with Rayon, accumulator or skiplist, memory-mapped I/O, batch/caching). Only suggest ideas you're confident apply. If uncertain, say "uncertain—need more code context."
4. If the file is CLI/UI/test/build, only reply "Not related to syncing or performance."

Format:
Summary: …
Performance relevance: …
Optimizations:
- …
- …

File content:
```rust
use std::{
    collections::{HashMap, HashSet},
    fmt::Debug,
    net::SocketAddr,
    path::Path,
    sync::Arc,
};

use bitcoin::amount::CheckedSum;
use fallible_iterator::FallibleIterator;
use futures::{Stream, future::BoxFuture};
use sneed::{Env, EnvError, RwTxnError, db::error::Error as DbError};
use tokio::sync::Mutex;
use tonic::transport::Channel;

use crate::{
    archive::{self, Archive},
    mempool::{self, MemPool},
    net::{self, Net, Peer},
    state::{self, State},
    types::{
        Accumulator, Address, AmountOverflowError, AmountUnderflowError,
        AuthorizedTransaction, BlockHash, BmmResult, Body, GetValue, Header,
        OutPoint, Output, SpentOutput, Tip, Transaction, Txid,
        WithdrawalBundle,
        proto::{self, mainchain},
    },
    util::Watchable,
};

mod mainchain_task;
mod net_task;

use mainchain_task::MainchainTaskHandle;

use self::net_task::NetTaskHandle;

#[derive(Debug, thiserror::Error)]
pub enum Error {
    #[error("address parse error")]
    AddrParse(#[from] std::net::AddrParseError),
    #[error(transparent)]
    AmountOverflow(#[from] AmountOverflowError),
    #[error(transparent)]
    AmountUnderflow(#[from] AmountUnderflowError),
    #[error("archive error")]
    Archive(#[from] archive::Error),
    #[error("CUSF mainchain proto error")]
    CusfMainchain(#[from] proto::Error),
    #[error(transparent)]
    Db(#[from] DbError),
    #[error("Database env error")]
    DbEnv(#[from] EnvError),
    #[error("Database write error")]
    DbWrite(#[from] RwTxnError),
    #[error("I/O error")]
    Io(#[from] std::io::Error),
    #[error("error requesting mainchain ancestors")]
    MainchainAncestors(#[source] mainchain_task::ResponseError),
    #[error("mempool error")]
    MemPool(#[from] mempool::Error),
    #[error("net error")]
    Net(#[from] Box<net::Error>),
    #[error("net task error")]
    NetTask(#[source] Box<net_task::Error>),
    #[error("No CUSF mainchain wallet client")]
    NoCusfMainchainWalletClient,
    #[error("peer info stream closed")]
    PeerInfoRxClosed,
    #[error("Receive mainchain task response cancelled")]
    ReceiveMainchainTaskResponse,
    #[error("Send mainchain task request failed")]
    SendMainchainTaskRequest,
    #[error("state error")]
    State(#[source] Box<state::Error>),
    #[error("Utreexo error: {0}")]
    Utreexo(String),
    #[error("Verify BMM error")]
    VerifyBmm(anyhow::Error),
}

impl From<net::Error> for Error {
    fn from(err: net::Error) -> Self {
        Self::Net(Box::new(err))
    }
}

impl From<net_task::Error> for Error {
    fn from(err: net_task::Error) -> Self {
        Self::NetTask(Box::new(err))
    }
}

impl From<state::Error> for Error {
    fn from(err: state::Error) -> Self {
        Self::State(Box::new(err))
    }
}

#[derive(Clone)]
pub struct Node<MainchainTransport = Channel> {
    archive: Archive,
    cusf_mainchain: Arc<Mutex<mainchain::ValidatorClient<MainchainTransport>>>,
    cusf_mainchain_wallet:
        Option<Arc<Mutex<mainchain::WalletClient<MainchainTransport>>>>,
    env: sneed::Env,
    mainchain_task: MainchainTaskHandle,
    mempool: MemPool,
    net: Net,
    net_task: NetTaskHandle,
    state: State,
}

impl<MainchainTransport> Node<MainchainTransport>
where
    MainchainTransport: proto::Transport,
{
    pub fn new(
        datadir: &Path,
        bind_addr: SocketAddr,
        cusf_mainchain: mainchain::ValidatorClient<MainchainTransport>,
        cusf_mainchain_wallet: Option<
            mainchain::WalletClient<MainchainTransport>,
        >,
        runtime: &tokio::runtime::Runtime,
    ) -> Result<Self, Error>
    where
        mainchain::ValidatorClient<MainchainTransport>: Clone,
        MainchainTransport: Send + 'static,
        <MainchainTransport as tonic::client::GrpcService<
            tonic::body::BoxBody,
        >>::Future: Send,
    {
        let env_path = datadir.join("data.mdb");
        // let _ = std::fs::remove_dir_all(&env_path);
        std::fs::create_dir_all(&env_path)?;
        let env = {
            let mut env_open_opts = heed::EnvOpenOptions::new();
            env_open_opts
                .map_size(128 * 1024 * 1024 * 1024) // 128 GB
                .max_dbs(
                    State::NUM_DBS
                        + Archive::NUM_DBS
                        + MemPool::NUM_DBS
                        + Net::NUM_DBS,
                );
            unsafe { Env::open(&env_open_opts, &env_path) }
                .map_err(EnvError::from)?
        };
        let state = State::new(&env)?;
        let archive = Archive::new(&env)?;
        let mempool = MemPool::new(&env)?;
        let (mainchain_task, mainchain_task_response_rx) =
            MainchainTaskHandle::new(
                env.clone(),
                archive.clone(),
                cusf_mainchain.clone(),
            );
        let (net, peer_info_rx) =
            Net::new(&env, archive.clone(), state.clone(), bind_addr)?;

        let net_task = NetTaskHandle::new(
            runtime,
            env.clone(),
            archive.clone(),
            mainchain_task.clone(),
            mainchain_task_response_rx,
            mempool.clone(),
            net.clone(),
            peer_info_rx,
            state.clone(),
        );
        let cusf_mainchain_wallet =
            cusf_mainchain_wallet.map(|wallet| Arc::new(Mutex::new(wallet)));
        Ok(Self {
            archive,
            cusf_mainchain: Arc::new(Mutex::new(cusf_mainchain)),
            cusf_mainchain_wallet,
            env,
            mainchain_task,
            mempool,
            net,
            net_task,
            state,
        })
    }

    /// Borrow the CUSF mainchain client, and execute the provided future.
    /// The CUSF mainchain client will be locked while the future is running.
    pub async fn with_cusf_mainchain<F, Output>(&self, f: F) -> Output
    where
        F: for<'cusf_mainchain> FnOnce(
            &'cusf_mainchain mut mainchain::ValidatorClient<MainchainTransport>,
        )
            -> BoxFuture<'cusf_mainchain, Output>,
    {
        let mut cusf_mainchain_lock = self.cusf_mainchain.lock().await;
        let res = f(&mut cusf_mainchain_lock).await;
        drop(cusf_mainchain_lock);
        res
    }

    pub fn try_get_height(&self) -> Result<Option<u32>, Error> {
        let rotxn = self.env.read_txn().map_err(EnvError::from)?;
        Ok(self.state.try_get_height(&rotxn)?)
    }

    pub fn try_get_best_hash(&self) -> Result<Option<BlockHash>, Error> {
        let rotxn = self.env.read_txn().map_err(EnvError::from)?;
        Ok(self.state.try_get_tip(&rotxn)?)
    }

    pub fn submit_transaction(
        &self,
        transaction: AuthorizedTransaction,
    ) -> Result<(), Error> {
        {
            let mut rotxn = self.env.write_txn().map_err(EnvError::from)?;
            self.state.validate_transaction(&rotxn, &transaction)?;
            self.mempool.put(&mut rotxn, &transaction)?;
            rotxn.commit().map_err(RwTxnError::from)?;
        }
        self.net.push_tx(Default::default(), transaction);
        Ok(())
    }

    pub fn get_all_utxos(&self) -> Result<HashMap<OutPoint, Output>, Error> {
        let rotxn = self.env.read_txn().map_err(EnvError::from)?;
        self.state
            .get_utxos(&rotxn)
            .map_err(|err| DbError::from(err).into())
    }

    pub fn get_latest_failed_withdrawal_bundle_height(
        &self,
    ) -> Result<Option<u32>, Error> {
        let rotxn = self.env.read_txn().map_err(EnvError::from)?;
        let res = self
            .state
            .get_latest_failed_withdrawal_bundle(&rotxn)
            .map_err(DbError::from)?
            .map(|(height, _)| height);
        Ok(res)
    }

    pub fn get_spent_utxos(
        &self,
        outpoints: &[OutPoint],
    ) -> Result<Vec<(OutPoint, SpentOutput)>, Error> {
        let rotxn = self.env.read_txn().map_err(EnvError::from)?;
        let mut spent = vec![];
        for outpoint in outpoints {
            if let Some(output) = self
                .state
                .stxos
                .try_get(&rotxn, outpoint)
                .map_err(DbError::from)?
            {
                spent.push((*outpoint, output));
            }
        }
        Ok(spent)
    }

    pub fn get_utxos_by_addresses(
        &self,
        addresses: &HashSet<Address>,
    ) -> Result<HashMap<OutPoint, Output>, Error> {
        let rotxn = self.env.read_txn().map_err(EnvError::from)?;
        let utxos = self
            .state
            .get_utxos_by_addresses(&rotxn, addresses)
            .map_err(DbError::from)?;
        Ok(utxos)
    }

    pub fn try_get_tip(&self) -> Result<Option<BlockHash>, Error> {
        let rotxn = self.env.read_txn().map_err(EnvError::from)?;
        let tip = self.state.try_get_tip(&rotxn)?;
        Ok(tip)
    }

    pub fn get_tip_accumulator(&self) -> Result<Accumulator, Error> {
        let rotxn = self.env.read_txn().map_err(EnvError::from)?;
        Ok(self.state.get_accumulator(&rotxn)?)
    }

    pub fn regenerate_proof(&self, tx: &mut Transaction) -> Result<(), Error> {
        let rotxn = self.env.read_txn().map_err(EnvError::from)?;
        let () = self.state.regenerate_proof(&rotxn, tx)?;
        Ok(())
    }

    pub fn try_get_accumulator(
        &self,
        block_hash: BlockHash,
    ) -> Result<Option<Accumulator>, Error> {
        let rotxn = self.env.read_txn().map_err(EnvError::from)?;
        Ok(self.archive.try_get_accumulator(&rotxn, block_hash)?)
    }

    pub fn get_accumulator(
        &self,
        block_hash: BlockHash,
    ) -> Result<Accumulator, Error> {
        let rotxn = self.env.read_txn().map_err(EnvError::from)?;
        Ok(self.archive.get_accumulator(&rotxn, block_hash)?)
    }

    pub fn try_get_header(
        &self,
        block_hash: BlockHash,
    ) -> Result<Option<Header>, Error> {
        let txn = self.env.read_txn().map_err(EnvError::from)?;
        Ok(self.archive.try_get_header(&txn, block_hash)?)
    }

    pub fn get_header(&self, block_hash: BlockHash) -> Result<Header, Error> {
        let txn = self.env.read_txn().map_err(EnvError::from)?;
        Ok(self.archive.get_header(&txn, block_hash)?)
    }

    /// Get the block hash at the specified height in the current chain,
    /// if it exists
    pub fn try_get_block_hash(
        &self,
        height: u32,
    ) -> Result<Option<BlockHash>, Error> {
        let rotxn = self.env.read_txn().map_err(EnvError::from)?;
        let Some(tip) = self.state.try_get_tip(&rotxn)? else {
            return Ok(None);
        };
        let Some(tip_height) = self.state.try_get_height(&rotxn)? else {
            return Ok(None);
        };
        if tip_height >= height {
            self.archive
                .ancestors(&rotxn, tip)
                .nth((tip_height - height) as usize)
                .map_err(Error::from)
        } else {
            Ok(None)
        }
    }

    pub fn try_get_body(
        &self,
        block_hash: BlockHash,
    ) -> Result<Option<Body>, Error> {
        let rotxn = self.env.read_txn().map_err(EnvError::from)?;
        Ok(self.archive.try_get_body(&rotxn, block_hash)?)
    }

    pub fn get_body(&self, block_hash: BlockHash) -> Result<Body, Error> {
        let rotxn = self.env.read_txn().map_err(EnvError::from)?;
        Ok(self.archive.get_body(&rotxn, block_hash)?)
    }

    pub fn get_best_main_verification(
        &self,
        hash: BlockHash,
    ) -> Result<bitcoin::BlockHash, Error> {
        let rotxn = self.env.read_txn().map_err(EnvError::from)?;
        let hash = self.archive.get_best_main_verification(&rotxn, hash)?;
        Ok(hash)
    }

    pub fn get_bmm_inclusions(
        &self,
        block_hash: BlockHash,
    ) -> Result<Vec<bitcoin::BlockHash>, Error> {
        let rotxn = self.env.read_txn().map_err(EnvError::from)?;
        let bmm_inclusions = self
            .archive
            .get_bmm_results(&rotxn, block_hash)?
            .into_iter()
            .filter_map(|(block_hash, bmm_res)| match bmm_res {
                BmmResult::Verified => Some(block_hash),
                BmmResult::Failed => None,
            })
            .collect();
        Ok(bmm_inclusions)
    }

    pub fn get_all_transactions(
        &self,
    ) -> Result<Vec<AuthorizedTransaction>, Error> {
        let rotxn = self.env.read_txn().map_err(EnvError::from)?;
        let transactions = self.mempool.take_all(&rotxn)?;
        Ok(transactions)
    }

    /// Get total sidechain wealth in Bitcoin
    pub fn get_sidechain_wealth(&self) -> Result<bitcoin::Amount, Error> {
        let rotxn = self.env.read_txn().map_err(EnvError::from)?;
        Ok(self.state.sidechain_wealth(&rotxn)?)
    }

    pub fn get_transactions(
        &self,
        number: usize,
    ) -> Result<(Vec<AuthorizedTransaction>, bitcoin::Amount), Error> {
        let mut txn = self.env.write_txn().map_err(EnvError::from)?;
        let transactions = self.mempool.take(&txn, number)?;
        let mut fee = bitcoin::Amount::ZERO;
        let mut returned_transactions = vec![];
        let mut spent_utxos = HashSet::new();
        for transaction in &transactions {
            let inputs: HashSet<_> =
                transaction.transaction.inputs.iter().copied().collect();
            if !spent_utxos.is_disjoint(&inputs) {
                // UTXO double spent
                self.mempool
                    .delete(&mut txn, transaction.transaction.txid())?;
                continue;
            }
            if self.state.validate_transaction(&txn, transaction).is_err() {
                self.mempool
                    .delete(&mut txn, transaction.transaction.txid())?;
                continue;
            }
            let filled_transaction = self
                .state
                .fill_transaction(&txn, &transaction.transaction)?;
            let value_in: bitcoin::Amount = filled_transaction
                .spent_utxos
                .iter()
                .map(GetValue::get_value)
                .checked_sum()
                .ok_or(AmountOverflowError)?;
            let value_out: bitcoin::Amount = filled_transaction
                .transaction
                .outputs
                .iter()
                .map(GetValue::get_value)
                .checked_sum()
                .ok_or(AmountOverflowError)?;
            fee = fee
                .checked_add(
                    value_in
                        .checked_sub(value_out)
                        .ok_or(AmountOverflowError)?,
                )
                .ok_or(AmountUnderflowError)?;
            returned_transactions.push(transaction.clone());
            spent_utxos.extend(transaction.transaction.inputs.clone());
        }
        txn.commit().map_err(RwTxnError::from)?;
        Ok((returned_transactions, fee))
    }

    pub fn get_pending_withdrawal_bundle(
        &self,
    ) -> Result<Option<WithdrawalBundle>, Error> {
        let txn = self.env.read_txn().map_err(EnvError::from)?;
        let bundle = self
            .state
            .get_pending_withdrawal_bundle(&txn)?
            .map(|(bundle, _)| bundle);
        Ok(bundle)
    }

    pub fn remove_from_mempool(&self, txid: Txid) -> Result<(), Error> {
        let mut rwtxn = self.env.write_txn().map_err(EnvError::from)?;
        let () = self.mempool.delete(&mut rwtxn, txid)?;
        rwtxn.commit().map_err(RwTxnError::from)?;
        Ok(())
    }

    pub fn connect_peer(&self, addr: SocketAddr) -> Result<(), Error> {
        self.net
            .connect_peer(self.env.clone(), addr)
            .map_err(Error::from)
    }

    pub fn get_active_peers(&self) -> Vec<Peer> {
        self.net.get_active_peers()
    }

    /// Attempt to submit a block.
    /// Returns `Ok(true)` if the block was accepted successfully as the new tip.
    /// Returns `Ok(false)` if the block could not be submitted for some reason,
    /// or was rejected as the new tip.
    pub async fn submit_block(
        &self,
        main_block_hash: bitcoin::BlockHash,
        header: &Header,
        body: &Body,
    ) -> Result<bool, Error> {
        let Some(cusf_mainchain_wallet) = self.cusf_mainchain_wallet.as_ref()
        else {
            return Err(Error::NoCusfMainchainWalletClient);
        };
        let block_hash = header.hash();
        // Store the header, if ancestors exist
        if let Some(parent) = header.prev_side_hash
            && self.try_get_header(parent)?.is_none()
        {
            tracing::error!(%block_hash,
                "Rejecting block {block_hash} due to missing ancestor headers",
            );
            return Ok(false);
        }
        // Request mainchain header/infos if they do not exist
        let mainchain_task::Response::AncestorInfos(_, res): mainchain_task::Response = self
            .mainchain_task
            .request_oneshot(mainchain_task::Request::AncestorInfos(
                main_block_hash,
            ))
            .map_err(|_| Error::SendMainchainTaskRequest)?
            .await
            .map_err(|_| Error::ReceiveMainchainTaskResponse)?;
        if !res.map_err(Error::MainchainAncestors)? {
            return Ok(false);
        };
        // Write header
        tracing::trace!("Storing header: {block_hash}");
        {
            let mut rwtxn = self.env.write_txn().map_err(EnvError::from)?;
            let () = self.archive.put_header(&mut rwtxn, header)?;
            rwtxn.commit().map_err(RwTxnError::from)?;
        }
        tracing::trace!("Stored header: {block_hash}");
        // Check BMM
        {
            let rotxn = self.env.read_txn().map_err(EnvError::from)?;
            if self.archive.get_bmm_result(
                &rotxn,
                block_hash,
                main_block_hash,
            )? == BmmResult::Failed
            {
                tracing::error!(%block_hash,
                    "Rejecting block {block_hash} due to failing BMM verification",
                );
                return Ok(false);
            }
        }
        // Check that ancestor bodies exist, and store body
        {
            let rotxn = self.env.read_txn().map_err(EnvError::from)?;
            let tip = self.state.try_get_tip(&rotxn)?;
            let common_ancestor = if let Some(tip) = tip {
                self.archive.last_common_ancestor(&rotxn, tip, block_hash)?
            } else {
                None
            };
            let missing_bodies = self.archive.get_missing_bodies(
                &rotxn,
                block_hash,
                common_ancestor,
            )?;
            if !(missing_bodies.is_empty()
                || missing_bodies == vec![block_hash])
            {
                tracing::error!(%block_hash,
                    "Rejecting block {block_hash} due to missing ancestor bodies",
                );
                return Ok(false);
            }
            drop(rotxn);
            if missing_bodies == vec![block_hash] {
                let mut rwtxn = self.env.write_txn().map_err(EnvError::from)?;
                let () = self.archive.put_body(&mut rwtxn, block_hash, body)?;
                rwtxn.commit().map_err(RwTxnError::from)?;
            }
        }
        // Submit new tip
        let new_tip = Tip {
            block_hash,
            main_block_hash,
        };
        if !self.net_task.new_tip_ready_confirm(new_tip).await? {
            tracing::warn!(%block_hash, "Not ready to reorg");
            return Ok(false);
        };
        let rotxn = self.env.read_txn().map_err(EnvError::from)?;
        let bundle = self.state.get_pending_withdrawal_bundle(&rotxn)?;
        if let Some((bundle, _)) = bundle {
            let m6id = bundle.compute_m6id();
            let mut cusf_mainchain_wallet_lock =
                cusf_mainchain_wallet.lock().await;
            let () = cusf_mainchain_wallet_lock
                .broadcast_withdrawal_bundle(bundle.tx())
                .await?;
            drop(cusf_mainchain_wallet_lock);
            tracing::trace!(%m6id, "Broadcast withdrawal bundle");
        }
        Ok(true)
    }

    /// Get a notification whenever the tip changes
    pub fn watch_state(&self) -> impl Stream<Item = ()> {
        self.state.watch()
    }
}

```


                
                

[RESPONSE]

Summary:  
This file defines the main Node struct that coordinates core components (state, archive, mempool, networking, and mainchain clients) and provides the primary API for block and transaction submission, UTXO queries, peer management, and chain state access in a Bitcoin-like sidechain node.

Performance relevance:  
Related to validation, UTXO management, disk I/O (via LMDB/heed), and networking—all key elements in sync/validation flow.

Optimizations:
- Batch reads/writes: Where possible, batch related DB operations (especially in block/UTXO/state updates) to reduce transaction overhead.
- Parallel validation: Transaction validation in submit_block and get_transactions can be parallelized using Rayon or similar, especially when dealing with large blocks or mempools.
- Memory-mapped I/O: Already using LMDB (via heed/sneed), but ensure optimal map size and concurrency are tuned for the workload.
- Caching: Frequently accessed data (e.g., tip, height, UTXO sets) could be cached in-memory with appropriate invalidation for faster repeated queries.
- Use accumulator-based UTXO model: If not already present in state/archive, applying an accumulator (e.g., Utreexo/merkle accumulator) could reduce I/O for UTXO lookups and proofs.
- Reduce locking contention: The async Mutex for mainchain clients, and per-method read/write transactions, could be optimized for less blocking on hot paths (e.g., split out state/archive transactions where feasible).
- Disk access patterns: For sequential ancestor queries or body fetches, consider prefetching or using iterators that minimize random I/O.

Uncertain—need more code context:
- Network and mempool parallelism: Further optimizations in net_task, mainchain_task, or mempool may be possible but require their code for targeted advice.
- Archive/state internals: Actual performance depends on how these modules structure and access data (e.g., UTXO storage, block trees, accumulators).

---

If you have code for the state, archive, or mempool modules, I can give more specific, low-level recommendations.

[/home/admin/--DEV--/AI/kahuna_tests/thunder-rust-waldi/lib/node/mod.rs]

Summary:  
This file defines the main Node struct that coordinates core components (state, archive, mempool, networking, and mainchain clients) and provides the primary API for block and transaction submission, UTXO queries, peer management, and chain state access in a Bitcoin-like sidechain node.

Performance relevance:  
Related to validation, UTXO management, disk I/O (via LMDB/heed), and networking—all key elements in sync/validation flow.

Optimizations:
- Batch reads/writes: Where possible, batch related DB operations (especially in block/UTXO/state updates) to reduce transaction overhead.
- Parallel validation: Transaction validation in submit_block and get_transactions can be parallelized using Rayon or similar, especially when dealing with large blocks or mempools.
- Memory-mapped I/O: Already using LMDB (via heed/sneed), but ensure optimal map size and concurrency are tuned for the workload.
- Caching: Frequently accessed data (e.g., tip, height, UTXO sets) could be cached in-memory with appropriate invalidation for faster repeated queries.
- Use accumulator-based UTXO model: If not already present in state/archive, applying an accumulator (e.g., Utreexo/merkle accumulator) could reduce I/O for UTXO lookups and proofs.
- Reduce locking contention: The async Mutex for mainchain clients, and per-method read/write transactions, could be optimized for less blocking on hot paths (e.g., split out state/archive transactions where feasible).
- Disk access patterns: For sequential ancestor queries or body fetches, consider prefetching or using iterators that minimize random I/O.

Uncertain—need more code context:
- Network and mempool parallelism: Further optimizations in net_task, mainchain_task, or mempool may be possible but require their code for targeted advice.
- Archive/state internals: Actual performance depends on how these modules structure and access data (e.g., UTXO storage, block trees, accumulators).

---

If you have code for the state, archive, or mempool modules, I can give more specific, low-level recommendations.

